<?xml version="1.0" encoding="UTF-8"?>
<robot generator="Robot 4.1.1 (Python 3.9.7 on win32)" generated="20220302 21:43:14.761" rpa="false" schemaversion="2">
<suite id="s1" name="Sessions" source="D:\qafullstack\Git\ProjetoPaula_QA\backend\users\testes\Sessions.robot">
<test id="s1-t1" name="Sessão de usuário válido">
<kw name="Factory User Session" library="Users">
<var>${payload}</var>
<arg>signup</arg>
<msg timestamp="20220302 21:43:15.088" level="INFO">${payload} = {'name': 'Paula Onofrinho', 'email': 'paulinha.jampa@hotmail.com', 'password': 'pwd123'}</msg>
<status status="PASS" starttime="20220302 21:43:15.087" endtime="20220302 21:43:15.088"/>
</kw>
<kw name="POST User" library="UsersRoute">
<arg>${payload}</arg>
<kw name="POST" library="RequestsLibrary">
<var>${response}</var>
<arg>${API_URL}/users</arg>
<arg>json=${payload}</arg>
<arg>expected_status=any</arg>
<doc>Sends a POST request.</doc>
<msg timestamp="20220302 21:43:22.084" level="INFO">POST Request : url=https://getgeeks-users-paula.herokuapp.com/users 
 path_url=/users 
 headers={'User-Agent': 'python-requests/2.26.0', 'Accept-Encoding': 'gzip, deflate', 'Accept': '*/*', 'Connection': 'keep-alive', 'Content-Length': '88', 'Content-Type': 'application/json'} 
 body=b'{"name": "Paula Onofrinho", "email": "paulinha.jampa@hotmail.com", "password": "pwd123"}' 
 </msg>
<msg timestamp="20220302 21:43:22.084" level="INFO">POST Response : url=https://getgeeks-users-paula.herokuapp.com/users 
 status=400, reason=Bad Request 
 headers={'Server': 'Cowboy', 'Connection': 'keep-alive', 'X-Powered-By': 'Express', 'Access-Control-Allow-Origin': '*', 'Content-Type': 'application/json; charset=utf-8', 'Content-Length': '31', 'Etag': 'W/"1f-lFUySNKwX3L5eGEwGcNcUoVKWhE"', 'Date': 'Thu, 03 Mar 2022 00:43:21 GMT', 'Via': '1.1 vegur'} 
 body={"error":"User already exists"} 
 </msg>
<msg timestamp="20220302 21:43:22.084" level="INFO">${response} = &lt;Response [400]&gt;</msg>
<status status="PASS" starttime="20220302 21:43:15.090" endtime="20220302 21:43:22.084"/>
</kw>
<status status="PASS" starttime="20220302 21:43:15.089" endtime="20220302 21:43:22.085"/>
</kw>
<kw name="Factory User Session" library="Users">
<var>${payload}</var>
<arg>login</arg>
<msg timestamp="20220302 21:43:22.100" level="INFO">${payload} = {'email': 'paulinha.jampa@hotmail.com', 'password': 'pwd123'}</msg>
<status status="PASS" starttime="20220302 21:43:22.100" endtime="20220302 21:43:22.100"/>
</kw>
<kw name="POST session" library="SessionsRoute">
<var>${response}</var>
<arg>${payload}</arg>
<kw name="POST" library="RequestsLibrary">
<var>${response}</var>
<arg>${API_URL}/sessions</arg>
<arg>json=${payload}</arg>
<arg>expected_status=any</arg>
<doc>Sends a POST request.</doc>
<msg timestamp="20220302 21:43:22.893" level="INFO">POST Request : url=https://getgeeks-users-paula.herokuapp.com/sessions 
 path_url=/sessions 
 headers={'User-Agent': 'python-requests/2.26.0', 'Accept-Encoding': 'gzip, deflate', 'Accept': '*/*', 'Connection': 'keep-alive', 'Content-Length': '61', 'Content-Type': 'application/json'} 
 body=b'{"email": "paulinha.jampa@hotmail.com", "password": "pwd123"}' 
 </msg>
<msg timestamp="20220302 21:43:22.893" level="INFO">POST Response : url=https://getgeeks-users-paula.herokuapp.com/sessions 
 status=200, reason=OK 
 headers={'Server': 'Cowboy', 'Connection': 'keep-alive', 'X-Powered-By': 'Express', 'Access-Control-Allow-Origin': '*', 'Content-Type': 'application/json; charset=utf-8', 'Content-Length': '376', 'Etag': 'W/"178-8EnUT6PEKU4WWJ0/d0wYg4jhVmE"', 'Date': 'Thu, 03 Mar 2022 00:43:22 GMT', 'Via': '1.1 vegur'} 
 body={"user":{"id":405,"email":"paulinha.jampa@hotmail.com","password_hash":"$2b$08$bP7TNEU5bEm6eTSDGGriP.8f3GrT/8ISLi6xdEHeBGF3i4KkL3gPq","name":"Paula Onofrinho","avatar":null,"whatsapp":null,"is_geek":false},"token":"eyJhbGciOiJIUzI1NiIsInR5cCI6IkpXVCJ9.eyJpZCI6NDA1LCJpYXQiOjE2NDYyNjgyMDIsImV4cCI6MTY0NzEzMjIwMn0.MgxYrc1E28oCfwpgWgkTpTAMx6kmt000DfS5CuIFwwE","expires_in":"10d"} 
 </msg>
<msg timestamp="20220302 21:43:22.893" level="INFO">${response} = &lt;Response [200]&gt;</msg>
<status status="PASS" starttime="20220302 21:43:22.108" endtime="20220302 21:43:22.894"/>
</kw>
<msg timestamp="20220302 21:43:22.894" level="INFO">${response} = &lt;Response [200]&gt;</msg>
<status status="PASS" starttime="20220302 21:43:22.107" endtime="20220302 21:43:22.894"/>
</kw>
<kw name="Status Should Be" library="RequestsLibrary">
<arg>200</arg>
<arg>${response}</arg>
<doc>Fails if response status code is different than the expected.</doc>
<status status="PASS" starttime="20220302 21:43:22.894" endtime="20220302 21:43:22.895"/>
</kw>
<kw name="Get Length" library="BuiltIn">
<var>${size}</var>
<arg>${response.json()}[token]</arg>
<doc>Returns and logs the length of the given item as an integer.</doc>
<msg timestamp="20220302 21:43:22.896" level="INFO">Length is 140</msg>
<msg timestamp="20220302 21:43:22.896" level="INFO">${size} = 140</msg>
<status status="PASS" starttime="20220302 21:43:22.895" endtime="20220302 21:43:22.896"/>
</kw>
<kw name="Convert To Integer" library="BuiltIn">
<var>${expected_size}</var>
<arg>140</arg>
<doc>Converts the given item to an integer number.</doc>
<msg timestamp="20220302 21:43:22.897" level="INFO">${expected_size} = 140</msg>
<status status="PASS" starttime="20220302 21:43:22.896" endtime="20220302 21:43:22.897"/>
</kw>
<kw name="Should Be Equal" library="BuiltIn">
<arg>${expected_size}</arg>
<arg>${size}</arg>
<doc>Fails if the given objects are unequal.</doc>
<status status="PASS" starttime="20220302 21:43:22.897" endtime="20220302 21:43:22.897"/>
</kw>
<kw name="Should Be Equal" library="BuiltIn">
<arg>10d</arg>
<arg>${response.json()}[expires_in]</arg>
<doc>Fails if the given objects are unequal.</doc>
<status status="PASS" starttime="20220302 21:43:22.898" endtime="20220302 21:43:22.900"/>
</kw>
<status status="PASS" starttime="20220302 21:43:15.086" endtime="20220302 21:43:22.901"/>
</test>
<test id="s1-t2" name="Usuário não existe">
<kw name="Create Dictionary" library="BuiltIn">
<var>${payload}</var>
<arg>email=paulinha.jampakkkkkk@gmail.com</arg>
<arg>password=kkkk1983</arg>
<doc>Creates and returns a dictionary based on the given ``items``.</doc>
<msg timestamp="20220302 21:43:22.903" level="INFO">${payload} = {'email': 'paulinha.jampakkkkkk@gmail.com', 'password': 'kkkk1983'}</msg>
<status status="PASS" starttime="20220302 21:43:22.903" endtime="20220302 21:43:22.903"/>
</kw>
<kw name="POST session" library="SessionsRoute">
<var>${response}</var>
<arg>${payload}</arg>
<kw name="POST" library="RequestsLibrary">
<var>${response}</var>
<arg>${API_URL}/sessions</arg>
<arg>json=${payload}</arg>
<arg>expected_status=any</arg>
<doc>Sends a POST request.</doc>
<msg timestamp="20220302 21:43:23.488" level="INFO">POST Request : url=https://getgeeks-users-paula.herokuapp.com/sessions 
 path_url=/sessions 
 headers={'User-Agent': 'python-requests/2.26.0', 'Accept-Encoding': 'gzip, deflate', 'Accept': '*/*', 'Connection': 'keep-alive', 'Content-Length': '67', 'Content-Type': 'application/json'} 
 body=b'{"email": "paulinha.jampakkkkkk@gmail.com", "password": "kkkk1983"}' 
 </msg>
<msg timestamp="20220302 21:43:23.488" level="INFO">POST Response : url=https://getgeeks-users-paula.herokuapp.com/sessions 
 status=401, reason=Unauthorized 
 headers={'Server': 'Cowboy', 'Connection': 'keep-alive', 'X-Powered-By': 'Express', 'Access-Control-Allow-Origin': '*', 'Content-Type': 'application/json; charset=utf-8', 'Content-Length': '32', 'Etag': 'W/"20-JBZgqBLzT/XsQ79vK3ae4ZY+QSE"', 'Date': 'Thu, 03 Mar 2022 00:43:22 GMT', 'Via': '1.1 vegur'} 
 body={"error":"User does not exists"} 
 </msg>
<msg timestamp="20220302 21:43:23.488" level="INFO">${response} = &lt;Response [401]&gt;</msg>
<status status="PASS" starttime="20220302 21:43:22.905" endtime="20220302 21:43:23.488"/>
</kw>
<msg timestamp="20220302 21:43:23.489" level="INFO">${response} = &lt;Response [401]&gt;</msg>
<status status="PASS" starttime="20220302 21:43:22.904" endtime="20220302 21:43:23.489"/>
</kw>
<kw name="Status Should Be" library="RequestsLibrary">
<arg>401</arg>
<arg>${response}</arg>
<doc>Fails if response status code is different than the expected.</doc>
<status status="PASS" starttime="20220302 21:43:23.489" endtime="20220302 21:43:23.490"/>
</kw>
<kw name="Should Be Equal" library="BuiltIn">
<arg>User does not exists</arg>
<arg>${response.json()}[error]</arg>
<doc>Fails if the given objects are unequal.</doc>
<status status="PASS" starttime="20220302 21:43:23.490" endtime="20220302 21:43:23.491"/>
</kw>
<status status="PASS" starttime="20220302 21:43:22.902" endtime="20220302 21:43:23.491"/>
</test>
<test id="s1-t3" name="Email nulo">
<kw name="Create Dictionary" library="BuiltIn">
<var>${payload}</var>
<arg>email=${EMPTY}</arg>
<arg>password=kkkk1983</arg>
<doc>Creates and returns a dictionary based on the given ``items``.</doc>
<msg timestamp="20220302 21:43:23.493" level="INFO">${payload} = {'email': '', 'password': 'kkkk1983'}</msg>
<status status="PASS" starttime="20220302 21:43:23.492" endtime="20220302 21:43:23.493"/>
</kw>
<kw name="POST session" library="SessionsRoute">
<var>${response}</var>
<arg>${payload}</arg>
<kw name="POST" library="RequestsLibrary">
<var>${response}</var>
<arg>${API_URL}/sessions</arg>
<arg>json=${payload}</arg>
<arg>expected_status=any</arg>
<doc>Sends a POST request.</doc>
<msg timestamp="20220302 21:43:24.242" level="INFO">POST Request : url=https://getgeeks-users-paula.herokuapp.com/sessions 
 path_url=/sessions 
 headers={'User-Agent': 'python-requests/2.26.0', 'Accept-Encoding': 'gzip, deflate', 'Accept': '*/*', 'Connection': 'keep-alive', 'Content-Length': '37', 'Content-Type': 'application/json'} 
 body=b'{"email": "", "password": "kkkk1983"}' 
 </msg>
<msg timestamp="20220302 21:43:24.242" level="INFO">POST Response : url=https://getgeeks-users-paula.herokuapp.com/sessions 
 status=401, reason=Unauthorized 
 headers={'Server': 'Cowboy', 'Connection': 'keep-alive', 'X-Powered-By': 'Express', 'Access-Control-Allow-Origin': '*', 'Content-Type': 'application/json; charset=utf-8', 'Content-Length': '32', 'Etag': 'W/"20-JBZgqBLzT/XsQ79vK3ae4ZY+QSE"', 'Date': 'Thu, 03 Mar 2022 00:43:23 GMT', 'Via': '1.1 vegur'} 
 body={"error":"User does not exists"} 
 </msg>
<msg timestamp="20220302 21:43:24.242" level="INFO">${response} = &lt;Response [401]&gt;</msg>
<status status="PASS" starttime="20220302 21:43:23.495" endtime="20220302 21:43:24.242"/>
</kw>
<msg timestamp="20220302 21:43:24.243" level="INFO">${response} = &lt;Response [401]&gt;</msg>
<status status="PASS" starttime="20220302 21:43:23.494" endtime="20220302 21:43:24.243"/>
</kw>
<kw name="Status Should Be" library="RequestsLibrary">
<arg>401</arg>
<arg>${response}</arg>
<doc>Fails if response status code is different than the expected.</doc>
<status status="PASS" starttime="20220302 21:43:24.243" endtime="20220302 21:43:24.244"/>
</kw>
<kw name="Should Be Equal" library="BuiltIn">
<arg>User does not exists</arg>
<arg>${response.json()}[error]</arg>
<doc>Fails if the given objects are unequal.</doc>
<status status="PASS" starttime="20220302 21:43:24.244" endtime="20220302 21:43:24.245"/>
</kw>
<status status="PASS" starttime="20220302 21:43:23.491" endtime="20220302 21:43:24.245"/>
</test>
<test id="s1-t4" name="Email formato inválido">
<kw name="Create Dictionary" library="BuiltIn">
<var>${payload}</var>
<arg>email=paulinha.jampa.gmail.com</arg>
<arg>password=kkkk1983</arg>
<doc>Creates and returns a dictionary based on the given ``items``.</doc>
<msg timestamp="20220302 21:43:24.247" level="INFO">${payload} = {'email': 'paulinha.jampa.gmail.com', 'password': 'kkkk1983'}</msg>
<status status="PASS" starttime="20220302 21:43:24.247" endtime="20220302 21:43:24.247"/>
</kw>
<kw name="POST session" library="SessionsRoute">
<var>${response}</var>
<arg>${payload}</arg>
<kw name="POST" library="RequestsLibrary">
<var>${response}</var>
<arg>${API_URL}/sessions</arg>
<arg>json=${payload}</arg>
<arg>expected_status=any</arg>
<doc>Sends a POST request.</doc>
<msg timestamp="20220302 21:43:24.759" level="INFO">POST Request : url=https://getgeeks-users-paula.herokuapp.com/sessions 
 path_url=/sessions 
 headers={'User-Agent': 'python-requests/2.26.0', 'Accept-Encoding': 'gzip, deflate', 'Accept': '*/*', 'Connection': 'keep-alive', 'Content-Length': '61', 'Content-Type': 'application/json'} 
 body=b'{"email": "paulinha.jampa.gmail.com", "password": "kkkk1983"}' 
 </msg>
<msg timestamp="20220302 21:43:24.759" level="INFO">POST Response : url=https://getgeeks-users-paula.herokuapp.com/sessions 
 status=401, reason=Unauthorized 
 headers={'Server': 'Cowboy', 'Connection': 'keep-alive', 'X-Powered-By': 'Express', 'Access-Control-Allow-Origin': '*', 'Content-Type': 'application/json; charset=utf-8', 'Content-Length': '32', 'Etag': 'W/"20-JBZgqBLzT/XsQ79vK3ae4ZY+QSE"', 'Date': 'Thu, 03 Mar 2022 00:43:24 GMT', 'Via': '1.1 vegur'} 
 body={"error":"User does not exists"} 
 </msg>
<msg timestamp="20220302 21:43:24.760" level="INFO">${response} = &lt;Response [401]&gt;</msg>
<status status="PASS" starttime="20220302 21:43:24.249" endtime="20220302 21:43:24.760"/>
</kw>
<msg timestamp="20220302 21:43:24.760" level="INFO">${response} = &lt;Response [401]&gt;</msg>
<status status="PASS" starttime="20220302 21:43:24.248" endtime="20220302 21:43:24.760"/>
</kw>
<kw name="Status Should Be" library="RequestsLibrary">
<arg>401</arg>
<arg>${response}</arg>
<doc>Fails if response status code is different than the expected.</doc>
<status status="PASS" starttime="20220302 21:43:24.760" endtime="20220302 21:43:24.761"/>
</kw>
<kw name="Should Be Equal" library="BuiltIn">
<arg>User does not exists</arg>
<arg>${response.json()}[error]</arg>
<doc>Fails if the given objects are unequal.</doc>
<status status="PASS" starttime="20220302 21:43:24.761" endtime="20220302 21:43:24.762"/>
</kw>
<status status="PASS" starttime="20220302 21:43:24.246" endtime="20220302 21:43:24.762"/>
</test>
<test id="s1-t5" name="SEM email">
<kw name="Create Dictionary" library="BuiltIn">
<var>${payload}</var>
<arg>password=paula1983</arg>
<doc>Creates and returns a dictionary based on the given ``items``.</doc>
<msg timestamp="20220302 21:43:24.764" level="INFO">${payload} = {'password': 'paula1983'}</msg>
<status status="PASS" starttime="20220302 21:43:24.764" endtime="20220302 21:43:24.764"/>
</kw>
<kw name="POST session" library="SessionsRoute">
<var>${response}</var>
<arg>${payload}</arg>
<kw name="POST" library="RequestsLibrary">
<var>${response}</var>
<arg>${API_URL}/sessions</arg>
<arg>json=${payload}</arg>
<arg>expected_status=any</arg>
<doc>Sends a POST request.</doc>
<msg timestamp="20220302 21:43:55.510" level="INFO">POST Request : url=https://getgeeks-users-paula.herokuapp.com/sessions 
 path_url=/sessions 
 headers={'User-Agent': 'python-requests/2.26.0', 'Accept-Encoding': 'gzip, deflate', 'Accept': '*/*', 'Connection': 'keep-alive', 'Content-Length': '25', 'Content-Type': 'application/json'} 
 body=b'{"password": "paula1983"}' 
 </msg>
<msg timestamp="20220302 21:43:55.510" level="INFO">POST Response : url=https://getgeeks-users-paula.herokuapp.com/sessions 
 status=503, reason=Service Unavailable 
 headers={'Connection': 'keep-alive', 'Server': 'Cowboy', 'Date': 'Thu, 03 Mar 2022 00:43:54 GMT', 'Content-Length': '506', 'Content-Type': 'text/html; charset=utf-8', 'Cache-Control': 'no-cache, no-store'} 
 body=&lt;!DOCTYPE html&gt;
	&lt;html&gt;
	  &lt;head&gt;
		&lt;meta name="viewport" content="width=device-width, initial-scale=1"&gt;
		&lt;meta charset="utf-8"&gt;
		&lt;title&gt;Application Error&lt;/title&gt;
		&lt;style media="screen"&gt;
		  html,body,iframe {
			margin: 0;
			padding: 0;
		  }
		  html,body {
			height: 100%;
			overflow: hidden;
		  }
		  iframe {
			width: 100%;
			height: 100%;
			border: 0;
		  }
		&lt;/style&gt;
	  &lt;/head&gt;
	  &lt;body&gt;
		&lt;iframe src="//www.herokucdn.com/error-pages/application-error.html"&gt;&lt;/iframe&gt;
	  &lt;/body&gt;
	&lt;/html&gt; 
 </msg>
<msg timestamp="20220302 21:43:55.511" level="INFO">${response} = &lt;Response [503]&gt;</msg>
<status status="PASS" starttime="20220302 21:43:24.765" endtime="20220302 21:43:55.511"/>
</kw>
<msg timestamp="20220302 21:43:55.511" level="INFO">${response} = &lt;Response [503]&gt;</msg>
<status status="PASS" starttime="20220302 21:43:24.764" endtime="20220302 21:43:55.512"/>
</kw>
<kw name="Status Should Be" library="RequestsLibrary">
<arg>503</arg>
<arg>${response}</arg>
<doc>Fails if response status code is different than the expected.</doc>
<status status="PASS" starttime="20220302 21:43:55.513" endtime="20220302 21:43:55.514"/>
</kw>
<tag>sememail</tag>
<status status="PASS" starttime="20220302 21:43:24.763" endtime="20220302 21:43:55.515"/>
</test>
<test id="s1-t6" name="Senha inválida">
<kw name="Create Dictionary" library="BuiltIn">
<var>${payload}</var>
<arg>email=paulinha.jampa@hotmail.com</arg>
<arg>password=kkkk1983</arg>
<doc>Creates and returns a dictionary based on the given ``items``.</doc>
<msg timestamp="20220302 21:43:55.517" level="INFO">${payload} = {'email': 'paulinha.jampa@hotmail.com', 'password': 'kkkk1983'}</msg>
<status status="PASS" starttime="20220302 21:43:55.517" endtime="20220302 21:43:55.517"/>
</kw>
<kw name="POST session" library="SessionsRoute">
<var>${response}</var>
<arg>${payload}</arg>
<kw name="POST" library="RequestsLibrary">
<var>${response}</var>
<arg>${API_URL}/sessions</arg>
<arg>json=${payload}</arg>
<arg>expected_status=any</arg>
<doc>Sends a POST request.</doc>
<msg timestamp="20220302 21:43:56.165" level="INFO">POST Request : url=https://getgeeks-users-paula.herokuapp.com/sessions 
 path_url=/sessions 
 headers={'User-Agent': 'python-requests/2.26.0', 'Accept-Encoding': 'gzip, deflate', 'Accept': '*/*', 'Connection': 'keep-alive', 'Content-Length': '63', 'Content-Type': 'application/json'} 
 body=b'{"email": "paulinha.jampa@hotmail.com", "password": "kkkk1983"}' 
 </msg>
<msg timestamp="20220302 21:43:56.165" level="INFO">POST Response : url=https://getgeeks-users-paula.herokuapp.com/sessions 
 status=401, reason=Unauthorized 
 headers={'Server': 'Cowboy', 'Connection': 'keep-alive', 'X-Powered-By': 'Express', 'Access-Control-Allow-Origin': '*', 'Content-Type': 'application/json; charset=utf-8', 'Content-Length': '28', 'Etag': 'W/"1c-GAUaDkbEnuwt3U4+7mmTRIkjj3Q"', 'Date': 'Thu, 03 Mar 2022 00:43:55 GMT', 'Via': '1.1 vegur'} 
 body={"error":"Invalid password"} 
 </msg>
<msg timestamp="20220302 21:43:56.165" level="INFO">${response} = &lt;Response [401]&gt;</msg>
<status status="PASS" starttime="20220302 21:43:55.518" endtime="20220302 21:43:56.165"/>
</kw>
<msg timestamp="20220302 21:43:56.165" level="INFO">${response} = &lt;Response [401]&gt;</msg>
<status status="PASS" starttime="20220302 21:43:55.518" endtime="20220302 21:43:56.165"/>
</kw>
<kw name="Status Should Be" library="RequestsLibrary">
<arg>401</arg>
<arg>${response}</arg>
<doc>Fails if response status code is different than the expected.</doc>
<status status="PASS" starttime="20220302 21:43:56.166" endtime="20220302 21:43:56.166"/>
</kw>
<kw name="Should Be Equal" library="BuiltIn">
<arg>Invalid password</arg>
<arg>${response.json()}[error]</arg>
<doc>Fails if the given objects are unequal.</doc>
<status status="PASS" starttime="20220302 21:43:56.167" endtime="20220302 21:43:56.167"/>
</kw>
<status status="PASS" starttime="20220302 21:43:55.516" endtime="20220302 21:43:56.168"/>
</test>
<test id="s1-t7" name="Senha Nula">
<kw name="Create Dictionary" library="BuiltIn">
<var>${payload}</var>
<arg>email=paulinha.jampa@hotmail.com</arg>
<arg>password=${EMPTY}</arg>
<doc>Creates and returns a dictionary based on the given ``items``.</doc>
<msg timestamp="20220302 21:43:56.169" level="INFO">${payload} = {'email': 'paulinha.jampa@hotmail.com', 'password': ''}</msg>
<status status="PASS" starttime="20220302 21:43:56.169" endtime="20220302 21:43:56.170"/>
</kw>
<kw name="POST session" library="SessionsRoute">
<var>${response}</var>
<arg>${payload}</arg>
<kw name="POST" library="RequestsLibrary">
<var>${response}</var>
<arg>${API_URL}/sessions</arg>
<arg>json=${payload}</arg>
<arg>expected_status=any</arg>
<doc>Sends a POST request.</doc>
<msg timestamp="20220302 21:43:56.934" level="INFO">POST Request : url=https://getgeeks-users-paula.herokuapp.com/sessions 
 path_url=/sessions 
 headers={'User-Agent': 'python-requests/2.26.0', 'Accept-Encoding': 'gzip, deflate', 'Accept': '*/*', 'Connection': 'keep-alive', 'Content-Length': '55', 'Content-Type': 'application/json'} 
 body=b'{"email": "paulinha.jampa@hotmail.com", "password": ""}' 
 </msg>
<msg timestamp="20220302 21:43:56.934" level="INFO">POST Response : url=https://getgeeks-users-paula.herokuapp.com/sessions 
 status=401, reason=Unauthorized 
 headers={'Server': 'Cowboy', 'Connection': 'keep-alive', 'X-Powered-By': 'Express', 'Access-Control-Allow-Origin': '*', 'Content-Type': 'application/json; charset=utf-8', 'Content-Length': '28', 'Etag': 'W/"1c-GAUaDkbEnuwt3U4+7mmTRIkjj3Q"', 'Date': 'Thu, 03 Mar 2022 00:43:56 GMT', 'Via': '1.1 vegur'} 
 body={"error":"Invalid password"} 
 </msg>
<msg timestamp="20220302 21:43:56.934" level="INFO">${response} = &lt;Response [401]&gt;</msg>
<status status="PASS" starttime="20220302 21:43:56.170" endtime="20220302 21:43:56.934"/>
</kw>
<msg timestamp="20220302 21:43:56.934" level="INFO">${response} = &lt;Response [401]&gt;</msg>
<status status="PASS" starttime="20220302 21:43:56.170" endtime="20220302 21:43:56.934"/>
</kw>
<kw name="Status Should Be" library="RequestsLibrary">
<arg>401</arg>
<arg>${response}</arg>
<doc>Fails if response status code is different than the expected.</doc>
<status status="PASS" starttime="20220302 21:43:56.935" endtime="20220302 21:43:56.935"/>
</kw>
<kw name="Should Be Equal" library="BuiltIn">
<arg>Invalid password</arg>
<arg>${response.json()}[error]</arg>
<doc>Fails if the given objects are unequal.</doc>
<status status="PASS" starttime="20220302 21:43:56.936" endtime="20220302 21:43:56.936"/>
</kw>
<status status="PASS" starttime="20220302 21:43:56.168" endtime="20220302 21:43:56.936"/>
</test>
<doc>Sessão</doc>
<status status="PASS" starttime="20220302 21:43:14.764" endtime="20220302 21:43:56.939"/>
</suite>
<statistics>
<total>
<stat pass="7" fail="0" skip="0">All Tests</stat>
</total>
<tag>
<stat pass="1" fail="0" skip="0">sememail</stat>
</tag>
<suite>
<stat pass="7" fail="0" skip="0" id="s1" name="Sessions">Sessions</stat>
</suite>
</statistics>
<errors>
</errors>
</robot>
