<?xml version="1.0" encoding="UTF-8"?>
<robot generator="Robot 4.1.1 (Python 3.9.7 on win32)" generated="20220302 19:23:25.376" rpa="false" schemaversion="2">
<suite id="s1" name="Sessions" source="D:\qafullstack\Git\ProjetoPaula_QA\backend\users\testes\Sessions.robot">
<test id="s1-t1" name="Sessão de usuário válido">
<kw name="Create Dictionary" library="BuiltIn">
<var>${payload}</var>
<arg>name=Paula Onofrinho</arg>
<arg>email=paulinha.jampa@hotmail.com</arg>
<doc>Creates and returns a dictionary based on the given ``items``.</doc>
<msg timestamp="20220302 19:23:25.517" level="INFO">${payload} = {'name': 'Paula Onofrinho', 'email': 'paulinha.jampa@hotmail.com'}</msg>
<status status="PASS" starttime="20220302 19:23:25.517" endtime="20220302 19:23:25.517"/>
</kw>
<kw name="POST User" library="UsersRoute">
<arg>${payload}</arg>
<kw name="POST" library="RequestsLibrary">
<var>${response}</var>
<arg>${API_URL}/users</arg>
<arg>json=${payload}</arg>
<arg>expected_status=any</arg>
<doc>Sends a POST request.</doc>
<msg timestamp="20220302 19:23:56.259" level="INFO">POST Request : url=https://getgeeks-users-paula.herokuapp.com/users 
 path_url=/users 
 headers={'User-Agent': 'python-requests/2.26.0', 'Accept-Encoding': 'gzip, deflate', 'Accept': '*/*', 'Connection': 'keep-alive', 'Content-Length': '66', 'Content-Type': 'application/json'} 
 body=b'{"name": "Paula Onofrinho", "email": "paulinha.jampa@hotmail.com"}' 
 </msg>
<msg timestamp="20220302 19:23:56.259" level="INFO">POST Response : url=https://getgeeks-users-paula.herokuapp.com/users 
 status=503, reason=Service Unavailable 
 headers={'Connection': 'keep-alive', 'Server': 'Cowboy', 'Date': 'Wed, 02 Mar 2022 22:23:57 GMT', 'Content-Length': '506', 'Content-Type': 'text/html; charset=utf-8', 'Cache-Control': 'no-cache, no-store'} 
 body=&lt;!DOCTYPE html&gt;
	&lt;html&gt;
	  &lt;head&gt;
		&lt;meta name="viewport" content="width=device-width, initial-scale=1"&gt;
		&lt;meta charset="utf-8"&gt;
		&lt;title&gt;Application Error&lt;/title&gt;
		&lt;style media="screen"&gt;
		  html,body,iframe {
			margin: 0;
			padding: 0;
		  }
		  html,body {
			height: 100%;
			overflow: hidden;
		  }
		  iframe {
			width: 100%;
			height: 100%;
			border: 0;
		  }
		&lt;/style&gt;
	  &lt;/head&gt;
	  &lt;body&gt;
		&lt;iframe src="//www.herokucdn.com/error-pages/application-error.html"&gt;&lt;/iframe&gt;
	  &lt;/body&gt;
	&lt;/html&gt; 
 </msg>
<msg timestamp="20220302 19:23:56.260" level="INFO">${response} = &lt;Response [503]&gt;</msg>
<status status="PASS" starttime="20220302 19:23:25.518" endtime="20220302 19:23:56.260"/>
</kw>
<status status="PASS" starttime="20220302 19:23:25.518" endtime="20220302 19:23:56.261"/>
</kw>
<kw name="Create Dictionary" library="BuiltIn">
<var>${payload}</var>
<arg>email=paulinha.jampa@hotmail.com</arg>
<arg>password=pwd123</arg>
<doc>Creates and returns a dictionary based on the given ``items``.</doc>
<msg timestamp="20220302 19:23:56.267" level="INFO">${payload} = {'email': 'paulinha.jampa@hotmail.com', 'password': 'pwd123'}</msg>
<status status="PASS" starttime="20220302 19:23:56.264" endtime="20220302 19:23:56.267"/>
</kw>
<kw name="POST session" library="SessionsRoute">
<var>${response}</var>
<arg>${payload}</arg>
<kw name="POST" library="RequestsLibrary">
<var>${response}</var>
<arg>${API_URL}/sessions</arg>
<arg>json=${payload}</arg>
<arg>expected_status=any</arg>
<doc>Sends a POST request.</doc>
<msg timestamp="20220302 19:23:57.050" level="INFO">POST Request : url=https://getgeeks-users-paula.herokuapp.com/sessions 
 path_url=/sessions 
 headers={'User-Agent': 'python-requests/2.26.0', 'Accept-Encoding': 'gzip, deflate', 'Accept': '*/*', 'Connection': 'keep-alive', 'Content-Length': '61', 'Content-Type': 'application/json'} 
 body=b'{"email": "paulinha.jampa@hotmail.com", "password": "pwd123"}' 
 </msg>
<msg timestamp="20220302 19:23:57.050" level="INFO">POST Response : url=https://getgeeks-users-paula.herokuapp.com/sessions 
 status=200, reason=OK 
 headers={'Server': 'Cowboy', 'Connection': 'keep-alive', 'X-Powered-By': 'Express', 'Access-Control-Allow-Origin': '*', 'Content-Type': 'application/json; charset=utf-8', 'Content-Length': '376', 'Etag': 'W/"178-s+9Xp1QENNSWu6y3if6AjnVuWzY"', 'Date': 'Wed, 02 Mar 2022 22:23:58 GMT', 'Via': '1.1 vegur'} 
 body={"user":{"id":401,"email":"paulinha.jampa@hotmail.com","password_hash":"$2b$08$jNqrXF98prrttL5BnrREUenG9GWOvWZ0tu7AccLVAefCYsg1cC1F2","name":"Paula Onofrinho","avatar":null,"whatsapp":null,"is_geek":false},"token":"eyJhbGciOiJIUzI1NiIsInR5cCI6IkpXVCJ9.eyJpZCI6NDAxLCJpYXQiOjE2NDYyNTk4MzgsImV4cCI6MTY0NzEyMzgzOH0.3tMx9GmvHYe4r7Qt3_S4pSFxWey4v0BN9MtRgHBv83k","expires_in":"10d"} 
 </msg>
<msg timestamp="20220302 19:23:57.051" level="INFO">${response} = &lt;Response [200]&gt;</msg>
<status status="PASS" starttime="20220302 19:23:56.271" endtime="20220302 19:23:57.051"/>
</kw>
<msg timestamp="20220302 19:23:57.051" level="INFO">${response} = &lt;Response [200]&gt;</msg>
<status status="PASS" starttime="20220302 19:23:56.269" endtime="20220302 19:23:57.051"/>
</kw>
<kw name="Status Should Be" library="RequestsLibrary">
<arg>200</arg>
<arg>${response}</arg>
<doc>Fails if response status code is different than the expected.</doc>
<status status="PASS" starttime="20220302 19:23:57.051" endtime="20220302 19:23:57.051"/>
</kw>
<kw name="Get Length" library="BuiltIn">
<var>${size}</var>
<arg>${response.json()}[token]</arg>
<doc>Returns and logs the length of the given item as an integer.</doc>
<msg timestamp="20220302 19:23:57.053" level="INFO">Length is 140</msg>
<msg timestamp="20220302 19:23:57.053" level="INFO">${size} = 140</msg>
<status status="PASS" starttime="20220302 19:23:57.052" endtime="20220302 19:23:57.053"/>
</kw>
<kw name="Convert To Integer" library="BuiltIn">
<var>${tamanho_esperado}</var>
<arg>140</arg>
<doc>Converts the given item to an integer number.</doc>
<msg timestamp="20220302 19:23:57.053" level="INFO">${tamanho_esperado} = 140</msg>
<status status="PASS" starttime="20220302 19:23:57.053" endtime="20220302 19:23:57.054"/>
</kw>
<kw name="Should Be Equal" library="BuiltIn">
<arg>${tamanho_esperado}</arg>
<arg>${size}</arg>
<doc>Fails if the given objects are unequal.</doc>
<status status="PASS" starttime="20220302 19:23:57.054" endtime="20220302 19:23:57.054"/>
</kw>
<kw name="Should Be Equal" library="BuiltIn">
<arg>10d</arg>
<arg>${response.json()}[expires_in]</arg>
<doc>Fails if the given objects are unequal.</doc>
<status status="PASS" starttime="20220302 19:23:57.055" endtime="20220302 19:23:57.056"/>
</kw>
<status status="PASS" starttime="20220302 19:23:25.516" endtime="20220302 19:23:57.056"/>
</test>
<test id="s1-t2" name="Usuário não existe">
<kw name="Create Dictionary" library="BuiltIn">
<var>${payload}</var>
<arg>email=paulinha.jampakkkkkk@gmail.com</arg>
<arg>password=kkkk1983</arg>
<doc>Creates and returns a dictionary based on the given ``items``.</doc>
<msg timestamp="20220302 19:23:57.059" level="INFO">${payload} = {'email': 'paulinha.jampakkkkkk@gmail.com', 'password': 'kkkk1983'}</msg>
<status status="PASS" starttime="20220302 19:23:57.058" endtime="20220302 19:23:57.059"/>
</kw>
<kw name="POST session" library="SessionsRoute">
<var>${response}</var>
<arg>${payload}</arg>
<kw name="POST" library="RequestsLibrary">
<var>${response}</var>
<arg>${API_URL}/sessions</arg>
<arg>json=${payload}</arg>
<arg>expected_status=any</arg>
<doc>Sends a POST request.</doc>
<msg timestamp="20220302 19:23:57.653" level="INFO">POST Request : url=https://getgeeks-users-paula.herokuapp.com/sessions 
 path_url=/sessions 
 headers={'User-Agent': 'python-requests/2.26.0', 'Accept-Encoding': 'gzip, deflate', 'Accept': '*/*', 'Connection': 'keep-alive', 'Content-Length': '67', 'Content-Type': 'application/json'} 
 body=b'{"email": "paulinha.jampakkkkkk@gmail.com", "password": "kkkk1983"}' 
 </msg>
<msg timestamp="20220302 19:23:57.653" level="INFO">POST Response : url=https://getgeeks-users-paula.herokuapp.com/sessions 
 status=401, reason=Unauthorized 
 headers={'Server': 'Cowboy', 'Connection': 'keep-alive', 'X-Powered-By': 'Express', 'Access-Control-Allow-Origin': '*', 'Content-Type': 'application/json; charset=utf-8', 'Content-Length': '32', 'Etag': 'W/"20-JBZgqBLzT/XsQ79vK3ae4ZY+QSE"', 'Date': 'Wed, 02 Mar 2022 22:23:59 GMT', 'Via': '1.1 vegur'} 
 body={"error":"User does not exists"} 
 </msg>
<msg timestamp="20220302 19:23:57.654" level="INFO">${response} = &lt;Response [401]&gt;</msg>
<status status="PASS" starttime="20220302 19:23:57.060" endtime="20220302 19:23:57.654"/>
</kw>
<msg timestamp="20220302 19:23:57.655" level="INFO">${response} = &lt;Response [401]&gt;</msg>
<status status="PASS" starttime="20220302 19:23:57.060" endtime="20220302 19:23:57.655"/>
</kw>
<kw name="Status Should Be" library="RequestsLibrary">
<arg>401</arg>
<arg>${response}</arg>
<doc>Fails if response status code is different than the expected.</doc>
<status status="PASS" starttime="20220302 19:23:57.657" endtime="20220302 19:23:57.659"/>
</kw>
<kw name="Should Be Equal" library="BuiltIn">
<arg>User does not exists</arg>
<arg>${response.json()}[error]</arg>
<doc>Fails if the given objects are unequal.</doc>
<status status="PASS" starttime="20220302 19:23:57.660" endtime="20220302 19:23:57.665"/>
</kw>
<status status="PASS" starttime="20220302 19:23:57.057" endtime="20220302 19:23:57.666"/>
</test>
<test id="s1-t3" name="Email nulo">
<kw name="Create Dictionary" library="BuiltIn">
<var>${payload}</var>
<arg>email=${EMPTY}</arg>
<arg>password=kkkk1983</arg>
<doc>Creates and returns a dictionary based on the given ``items``.</doc>
<msg timestamp="20220302 19:23:57.673" level="INFO">${payload} = {'email': '', 'password': 'kkkk1983'}</msg>
<status status="PASS" starttime="20220302 19:23:57.670" endtime="20220302 19:23:57.673"/>
</kw>
<kw name="POST session" library="SessionsRoute">
<var>${response}</var>
<arg>${payload}</arg>
<kw name="POST" library="RequestsLibrary">
<var>${response}</var>
<arg>${API_URL}/sessions</arg>
<arg>json=${payload}</arg>
<arg>expected_status=any</arg>
<doc>Sends a POST request.</doc>
<msg timestamp="20220302 19:23:58.271" level="INFO">POST Request : url=https://getgeeks-users-paula.herokuapp.com/sessions 
 path_url=/sessions 
 headers={'User-Agent': 'python-requests/2.26.0', 'Accept-Encoding': 'gzip, deflate', 'Accept': '*/*', 'Connection': 'keep-alive', 'Content-Length': '37', 'Content-Type': 'application/json'} 
 body=b'{"email": "", "password": "kkkk1983"}' 
 </msg>
<msg timestamp="20220302 19:23:58.271" level="INFO">POST Response : url=https://getgeeks-users-paula.herokuapp.com/sessions 
 status=401, reason=Unauthorized 
 headers={'Server': 'Cowboy', 'Connection': 'keep-alive', 'X-Powered-By': 'Express', 'Access-Control-Allow-Origin': '*', 'Content-Type': 'application/json; charset=utf-8', 'Content-Length': '32', 'Etag': 'W/"20-JBZgqBLzT/XsQ79vK3ae4ZY+QSE"', 'Date': 'Wed, 02 Mar 2022 22:23:59 GMT', 'Via': '1.1 vegur'} 
 body={"error":"User does not exists"} 
 </msg>
<msg timestamp="20220302 19:23:58.272" level="INFO">${response} = &lt;Response [401]&gt;</msg>
<status status="PASS" starttime="20220302 19:23:57.676" endtime="20220302 19:23:58.272"/>
</kw>
<msg timestamp="20220302 19:23:58.272" level="INFO">${response} = &lt;Response [401]&gt;</msg>
<status status="PASS" starttime="20220302 19:23:57.675" endtime="20220302 19:23:58.273"/>
</kw>
<kw name="Status Should Be" library="RequestsLibrary">
<arg>401</arg>
<arg>${response}</arg>
<doc>Fails if response status code is different than the expected.</doc>
<status status="PASS" starttime="20220302 19:23:58.274" endtime="20220302 19:23:58.275"/>
</kw>
<kw name="Should Be Equal" library="BuiltIn">
<arg>User does not exists</arg>
<arg>${response.json()}[error]</arg>
<doc>Fails if the given objects are unequal.</doc>
<status status="PASS" starttime="20220302 19:23:58.276" endtime="20220302 19:23:58.278"/>
</kw>
<status status="PASS" starttime="20220302 19:23:57.669" endtime="20220302 19:23:58.279"/>
</test>
<test id="s1-t4" name="Email formato inválido">
<kw name="Create Dictionary" library="BuiltIn">
<var>${payload}</var>
<arg>email=paulinha.jampa.gmail.com</arg>
<arg>password=kkkk1983</arg>
<doc>Creates and returns a dictionary based on the given ``items``.</doc>
<msg timestamp="20220302 19:23:58.283" level="INFO">${payload} = {'email': 'paulinha.jampa.gmail.com', 'password': 'kkkk1983'}</msg>
<status status="PASS" starttime="20220302 19:23:58.282" endtime="20220302 19:23:58.283"/>
</kw>
<kw name="POST session" library="SessionsRoute">
<var>${response}</var>
<arg>${payload}</arg>
<kw name="POST" library="RequestsLibrary">
<var>${response}</var>
<arg>${API_URL}/sessions</arg>
<arg>json=${payload}</arg>
<arg>expected_status=any</arg>
<doc>Sends a POST request.</doc>
<msg timestamp="20220302 19:23:58.885" level="INFO">POST Request : url=https://getgeeks-users-paula.herokuapp.com/sessions 
 path_url=/sessions 
 headers={'User-Agent': 'python-requests/2.26.0', 'Accept-Encoding': 'gzip, deflate', 'Accept': '*/*', 'Connection': 'keep-alive', 'Content-Length': '61', 'Content-Type': 'application/json'} 
 body=b'{"email": "paulinha.jampa.gmail.com", "password": "kkkk1983"}' 
 </msg>
<msg timestamp="20220302 19:23:58.885" level="INFO">POST Response : url=https://getgeeks-users-paula.herokuapp.com/sessions 
 status=401, reason=Unauthorized 
 headers={'Server': 'Cowboy', 'Connection': 'keep-alive', 'X-Powered-By': 'Express', 'Access-Control-Allow-Origin': '*', 'Content-Type': 'application/json; charset=utf-8', 'Content-Length': '32', 'Etag': 'W/"20-JBZgqBLzT/XsQ79vK3ae4ZY+QSE"', 'Date': 'Wed, 02 Mar 2022 22:24:00 GMT', 'Via': '1.1 vegur'} 
 body={"error":"User does not exists"} 
 </msg>
<msg timestamp="20220302 19:23:58.886" level="INFO">${response} = &lt;Response [401]&gt;</msg>
<status status="PASS" starttime="20220302 19:23:58.285" endtime="20220302 19:23:58.886"/>
</kw>
<msg timestamp="20220302 19:23:58.887" level="INFO">${response} = &lt;Response [401]&gt;</msg>
<status status="PASS" starttime="20220302 19:23:58.285" endtime="20220302 19:23:58.887"/>
</kw>
<kw name="Status Should Be" library="RequestsLibrary">
<arg>401</arg>
<arg>${response}</arg>
<doc>Fails if response status code is different than the expected.</doc>
<status status="PASS" starttime="20220302 19:23:58.889" endtime="20220302 19:23:58.891"/>
</kw>
<kw name="Should Be Equal" library="BuiltIn">
<arg>User does not exists</arg>
<arg>${response.json()}[error]</arg>
<doc>Fails if the given objects are unequal.</doc>
<status status="PASS" starttime="20220302 19:23:58.892" endtime="20220302 19:23:58.895"/>
</kw>
<status status="PASS" starttime="20220302 19:23:58.281" endtime="20220302 19:23:58.896"/>
</test>
<test id="s1-t5" name="SEM email">
<kw name="Create Dictionary" library="BuiltIn">
<var>${payload}</var>
<arg>password=paula1983</arg>
<doc>Creates and returns a dictionary based on the given ``items``.</doc>
<msg timestamp="20220302 19:23:58.900" level="INFO">${payload} = {'password': 'paula1983'}</msg>
<status status="PASS" starttime="20220302 19:23:58.899" endtime="20220302 19:23:58.900"/>
</kw>
<kw name="POST session" library="SessionsRoute">
<var>${response}</var>
<arg>${payload}</arg>
<kw name="POST" library="RequestsLibrary">
<var>${response}</var>
<arg>${API_URL}/sessions</arg>
<arg>json=${payload}</arg>
<arg>expected_status=any</arg>
<doc>Sends a POST request.</doc>
<msg timestamp="20220302 19:24:29.537" level="INFO">POST Request : url=https://getgeeks-users-paula.herokuapp.com/sessions 
 path_url=/sessions 
 headers={'User-Agent': 'python-requests/2.26.0', 'Accept-Encoding': 'gzip, deflate', 'Accept': '*/*', 'Connection': 'keep-alive', 'Content-Length': '25', 'Content-Type': 'application/json'} 
 body=b'{"password": "paula1983"}' 
 </msg>
<msg timestamp="20220302 19:24:29.537" level="INFO">POST Response : url=https://getgeeks-users-paula.herokuapp.com/sessions 
 status=503, reason=Service Unavailable 
 headers={'Connection': 'keep-alive', 'Server': 'Cowboy', 'Date': 'Wed, 02 Mar 2022 22:24:30 GMT', 'Content-Length': '506', 'Content-Type': 'text/html; charset=utf-8', 'Cache-Control': 'no-cache, no-store'} 
 body=&lt;!DOCTYPE html&gt;
	&lt;html&gt;
	  &lt;head&gt;
		&lt;meta name="viewport" content="width=device-width, initial-scale=1"&gt;
		&lt;meta charset="utf-8"&gt;
		&lt;title&gt;Application Error&lt;/title&gt;
		&lt;style media="screen"&gt;
		  html,body,iframe {
			margin: 0;
			padding: 0;
		  }
		  html,body {
			height: 100%;
			overflow: hidden;
		  }
		  iframe {
			width: 100%;
			height: 100%;
			border: 0;
		  }
		&lt;/style&gt;
	  &lt;/head&gt;
	  &lt;body&gt;
		&lt;iframe src="//www.herokucdn.com/error-pages/application-error.html"&gt;&lt;/iframe&gt;
	  &lt;/body&gt;
	&lt;/html&gt; 
 </msg>
<msg timestamp="20220302 19:24:29.538" level="INFO">${response} = &lt;Response [503]&gt;</msg>
<status status="PASS" starttime="20220302 19:23:58.903" endtime="20220302 19:24:29.538"/>
</kw>
<msg timestamp="20220302 19:24:29.538" level="INFO">${response} = &lt;Response [503]&gt;</msg>
<status status="PASS" starttime="20220302 19:23:58.901" endtime="20220302 19:24:29.538"/>
</kw>
<kw name="Status Should Be" library="RequestsLibrary">
<arg>503</arg>
<arg>${response}</arg>
<doc>Fails if response status code is different than the expected.</doc>
<status status="PASS" starttime="20220302 19:24:29.539" endtime="20220302 19:24:29.539"/>
</kw>
<tag>sememail</tag>
<status status="PASS" starttime="20220302 19:23:58.898" endtime="20220302 19:24:29.540"/>
</test>
<test id="s1-t6" name="Senha inválida">
<kw name="Create Dictionary" library="BuiltIn">
<var>${payload}</var>
<arg>email=paulinha.jampa@gmail.com</arg>
<arg>password=kkkk1983</arg>
<doc>Creates and returns a dictionary based on the given ``items``.</doc>
<msg timestamp="20220302 19:24:29.542" level="INFO">${payload} = {'email': 'paulinha.jampa@gmail.com', 'password': 'kkkk1983'}</msg>
<status status="PASS" starttime="20220302 19:24:29.541" endtime="20220302 19:24:29.542"/>
</kw>
<kw name="POST session" library="SessionsRoute">
<var>${response}</var>
<arg>${payload}</arg>
<kw name="POST" library="RequestsLibrary">
<var>${response}</var>
<arg>${API_URL}/sessions</arg>
<arg>json=${payload}</arg>
<arg>expected_status=any</arg>
<doc>Sends a POST request.</doc>
<msg timestamp="20220302 19:24:30.269" level="INFO">POST Request : url=https://getgeeks-users-paula.herokuapp.com/sessions 
 path_url=/sessions 
 headers={'User-Agent': 'python-requests/2.26.0', 'Accept-Encoding': 'gzip, deflate', 'Accept': '*/*', 'Connection': 'keep-alive', 'Content-Length': '61', 'Content-Type': 'application/json'} 
 body=b'{"email": "paulinha.jampa@gmail.com", "password": "kkkk1983"}' 
 </msg>
<msg timestamp="20220302 19:24:30.270" level="INFO">POST Response : url=https://getgeeks-users-paula.herokuapp.com/sessions 
 status=401, reason=Unauthorized 
 headers={'Server': 'Cowboy', 'Connection': 'keep-alive', 'X-Powered-By': 'Express', 'Access-Control-Allow-Origin': '*', 'Content-Type': 'application/json; charset=utf-8', 'Content-Length': '28', 'Etag': 'W/"1c-GAUaDkbEnuwt3U4+7mmTRIkjj3Q"', 'Date': 'Wed, 02 Mar 2022 22:24:31 GMT', 'Via': '1.1 vegur'} 
 body={"error":"Invalid password"} 
 </msg>
<msg timestamp="20220302 19:24:30.271" level="INFO">${response} = &lt;Response [401]&gt;</msg>
<status status="PASS" starttime="20220302 19:24:29.543" endtime="20220302 19:24:30.271"/>
</kw>
<msg timestamp="20220302 19:24:30.272" level="INFO">${response} = &lt;Response [401]&gt;</msg>
<status status="PASS" starttime="20220302 19:24:29.542" endtime="20220302 19:24:30.272"/>
</kw>
<kw name="Status Should Be" library="RequestsLibrary">
<arg>401</arg>
<arg>${response}</arg>
<doc>Fails if response status code is different than the expected.</doc>
<status status="PASS" starttime="20220302 19:24:30.274" endtime="20220302 19:24:30.276"/>
</kw>
<kw name="Should Be Equal" library="BuiltIn">
<arg>Invalid password</arg>
<arg>${response.json()}[error]</arg>
<doc>Fails if the given objects are unequal.</doc>
<status status="PASS" starttime="20220302 19:24:30.277" endtime="20220302 19:24:30.280"/>
</kw>
<status status="PASS" starttime="20220302 19:24:29.541" endtime="20220302 19:24:30.281"/>
</test>
<test id="s1-t7" name="Senha Nula">
<kw name="Create Dictionary" library="BuiltIn">
<var>${payload}</var>
<arg>email=paulinha.jampa@gmail.com</arg>
<arg>password=${EMPTY}</arg>
<doc>Creates and returns a dictionary based on the given ``items``.</doc>
<msg timestamp="20220302 19:24:30.287" level="INFO">${payload} = {'email': 'paulinha.jampa@gmail.com', 'password': ''}</msg>
<status status="PASS" starttime="20220302 19:24:30.284" endtime="20220302 19:24:30.287"/>
</kw>
<kw name="POST session" library="SessionsRoute">
<var>${response}</var>
<arg>${payload}</arg>
<kw name="POST" library="RequestsLibrary">
<var>${response}</var>
<arg>${API_URL}/sessions</arg>
<arg>json=${payload}</arg>
<arg>expected_status=any</arg>
<doc>Sends a POST request.</doc>
<msg timestamp="20220302 19:24:30.905" level="INFO">POST Request : url=https://getgeeks-users-paula.herokuapp.com/sessions 
 path_url=/sessions 
 headers={'User-Agent': 'python-requests/2.26.0', 'Accept-Encoding': 'gzip, deflate', 'Accept': '*/*', 'Connection': 'keep-alive', 'Content-Length': '53', 'Content-Type': 'application/json'} 
 body=b'{"email": "paulinha.jampa@gmail.com", "password": ""}' 
 </msg>
<msg timestamp="20220302 19:24:30.906" level="INFO">POST Response : url=https://getgeeks-users-paula.herokuapp.com/sessions 
 status=401, reason=Unauthorized 
 headers={'Server': 'Cowboy', 'Connection': 'keep-alive', 'X-Powered-By': 'Express', 'Access-Control-Allow-Origin': '*', 'Content-Type': 'application/json; charset=utf-8', 'Content-Length': '28', 'Etag': 'W/"1c-GAUaDkbEnuwt3U4+7mmTRIkjj3Q"', 'Date': 'Wed, 02 Mar 2022 22:24:32 GMT', 'Via': '1.1 vegur'} 
 body={"error":"Invalid password"} 
 </msg>
<msg timestamp="20220302 19:24:30.906" level="INFO">${response} = &lt;Response [401]&gt;</msg>
<status status="PASS" starttime="20220302 19:24:30.288" endtime="20220302 19:24:30.906"/>
</kw>
<msg timestamp="20220302 19:24:30.906" level="INFO">${response} = &lt;Response [401]&gt;</msg>
<status status="PASS" starttime="20220302 19:24:30.287" endtime="20220302 19:24:30.906"/>
</kw>
<kw name="Status Should Be" library="RequestsLibrary">
<arg>401</arg>
<arg>${response}</arg>
<doc>Fails if response status code is different than the expected.</doc>
<status status="PASS" starttime="20220302 19:24:30.907" endtime="20220302 19:24:30.907"/>
</kw>
<kw name="Should Be Equal" library="BuiltIn">
<arg>Invalid password</arg>
<arg>${response.json()}[error]</arg>
<doc>Fails if the given objects are unequal.</doc>
<status status="PASS" starttime="20220302 19:24:30.908" endtime="20220302 19:24:30.909"/>
</kw>
<status status="PASS" starttime="20220302 19:24:30.283" endtime="20220302 19:24:30.909"/>
</test>
<doc>Sessão</doc>
<status status="PASS" starttime="20220302 19:23:25.378" endtime="20220302 19:24:30.911"/>
</suite>
<statistics>
<total>
<stat pass="7" fail="0" skip="0">All Tests</stat>
</total>
<tag>
<stat pass="1" fail="0" skip="0">sememail</stat>
</tag>
<suite>
<stat pass="7" fail="0" skip="0" id="s1" name="Sessions">Sessions</stat>
</suite>
</statistics>
<errors>
</errors>
</robot>
